[debug] [2023-03-24T05:17:48.579Z] ----------------------------------------------------------------------
[debug] [2023-03-24T05:17:48.581Z] Command:       C:\Program Files\nodejs\node.exe C:\Users\super\AppData\Roaming\npm\node_modules\firebase-tools\lib\bin\firebase.js deploy
[debug] [2023-03-24T05:17:48.581Z] CLI Version:   11.24.1
[debug] [2023-03-24T05:17:48.581Z] Platform:      win32
[debug] [2023-03-24T05:17:48.581Z] Node Version:  v18.15.0
[debug] [2023-03-24T05:17:48.582Z] Time:          Thu Mar 23 2023 23:17:48 GMT-0600 (Central Standard Time)
[debug] [2023-03-24T05:17:48.583Z] ----------------------------------------------------------------------
[debug] 
[debug] [2023-03-24T05:17:48.653Z] > command requires scopes: ["email","openid","https://www.googleapis.com/auth/cloudplatformprojects.readonly","https://www.googleapis.com/auth/firebase","https://www.googleapis.com/auth/cloud-platform"]
[debug] [2023-03-24T05:17:48.654Z] > authorizing via signed-in user (leslie2515lopez@gmail.com)
[debug] [2023-03-24T05:17:48.654Z] [iam] checking project netflix-react-app-ae50a for permissions ["firebase.projects.get","firebasehosting.sites.update"]
[debug] [2023-03-24T05:17:48.656Z] >>> [apiv2][query] POST https://cloudresourcemanager.googleapis.com/v1/projects/netflix-react-app-ae50a:testIamPermissions [none]
[debug] [2023-03-24T05:17:48.657Z] >>> [apiv2][(partial)header] POST https://cloudresourcemanager.googleapis.com/v1/projects/netflix-react-app-ae50a:testIamPermissions x-goog-quota-user=projects/netflix-react-app-ae50a
[debug] [2023-03-24T05:17:48.657Z] >>> [apiv2][body] POST https://cloudresourcemanager.googleapis.com/v1/projects/netflix-react-app-ae50a:testIamPermissions {"permissions":["firebase.projects.get","firebasehosting.sites.update"]}
[debug] [2023-03-24T05:17:48.994Z] <<< [apiv2][status] POST https://cloudresourcemanager.googleapis.com/v1/projects/netflix-react-app-ae50a:testIamPermissions 200
[debug] [2023-03-24T05:17:48.994Z] <<< [apiv2][body] POST https://cloudresourcemanager.googleapis.com/v1/projects/netflix-react-app-ae50a:testIamPermissions {"permissions":["firebase.projects.get","firebasehosting.sites.update"]}
[debug] [2023-03-24T05:17:48.995Z] >>> [apiv2][query] GET https://firebase.googleapis.com/v1beta1/projects/netflix-react-app-ae50a [none]
[debug] [2023-03-24T05:18:10.037Z] Failed to make request to https://firebase.googleapis.com/v1beta1/projects/netflix-react-app-ae50a
[debug] [2023-03-24T05:18:10.039Z] FirebaseError: Failed to make request to https://firebase.googleapis.com/v1beta1/projects/netflix-react-app-ae50a
    at RetryOperation._fn (C:\Users\super\AppData\Roaming\npm\node_modules\firebase-tools\lib\apiv2.js:242:31)
    at process.processTicksAndRejections (node:internal/process/task_queues:95:5)
[error] 
[error] Error: Failed to get Firebase project netflix-react-app-ae50a. Please make sure the project exists and your account has permission to access it.
[debug] [2023-03-24T05:20:49.341Z] ----------------------------------------------------------------------
[debug] [2023-03-24T05:20:49.343Z] Command:       C:\Program Files\nodejs\node.exe C:\Users\super\AppData\Roaming\npm\node_modules\firebase-tools\lib\bin\firebase.js deploy
[debug] [2023-03-24T05:20:49.343Z] CLI Version:   11.24.1
[debug] [2023-03-24T05:20:49.344Z] Platform:      win32
[debug] [2023-03-24T05:20:49.344Z] Node Version:  v18.15.0
[debug] [2023-03-24T05:20:49.345Z] Time:          Thu Mar 23 2023 23:20:49 GMT-0600 (Central Standard Time)
[debug] [2023-03-24T05:20:49.345Z] ----------------------------------------------------------------------
[debug] 
[debug] [2023-03-24T05:20:49.413Z] > command requires scopes: ["email","openid","https://www.googleapis.com/auth/cloudplatformprojects.readonly","https://www.googleapis.com/auth/firebase","https://www.googleapis.com/auth/cloud-platform"]
[debug] [2023-03-24T05:20:49.414Z] > authorizing via signed-in user (leslie2515lopez@gmail.com)
[debug] [2023-03-24T05:20:49.414Z] [iam] checking project netflix-react-app-ae50a for permissions ["firebase.projects.get","firebasehosting.sites.update"]
[debug] [2023-03-24T05:20:49.416Z] >>> [apiv2][query] POST https://cloudresourcemanager.googleapis.com/v1/projects/netflix-react-app-ae50a:testIamPermissions [none]
[debug] [2023-03-24T05:20:49.416Z] >>> [apiv2][(partial)header] POST https://cloudresourcemanager.googleapis.com/v1/projects/netflix-react-app-ae50a:testIamPermissions x-goog-quota-user=projects/netflix-react-app-ae50a
[debug] [2023-03-24T05:20:49.416Z] >>> [apiv2][body] POST https://cloudresourcemanager.googleapis.com/v1/projects/netflix-react-app-ae50a:testIamPermissions {"permissions":["firebase.projects.get","firebasehosting.sites.update"]}
[debug] [2023-03-24T05:20:49.751Z] <<< [apiv2][status] POST https://cloudresourcemanager.googleapis.com/v1/projects/netflix-react-app-ae50a:testIamPermissions 200
[debug] [2023-03-24T05:20:49.751Z] <<< [apiv2][body] POST https://cloudresourcemanager.googleapis.com/v1/projects/netflix-react-app-ae50a:testIamPermissions {"permissions":["firebase.projects.get","firebasehosting.sites.update"]}
[debug] [2023-03-24T05:20:49.752Z] >>> [apiv2][query] GET https://firebase.googleapis.com/v1beta1/projects/netflix-react-app-ae50a [none]
[debug] [2023-03-24T05:21:10.809Z] Failed to make request to https://firebase.googleapis.com/v1beta1/projects/netflix-react-app-ae50a
[debug] [2023-03-24T05:21:10.811Z] FirebaseError: Failed to make request to https://firebase.googleapis.com/v1beta1/projects/netflix-react-app-ae50a
    at RetryOperation._fn (C:\Users\super\AppData\Roaming\npm\node_modules\firebase-tools\lib\apiv2.js:242:31)
    at process.processTicksAndRejections (node:internal/process/task_queues:95:5)
[error] 
[error] Error: Failed to get Firebase project netflix-react-app-ae50a. Please make sure the project exists and your account has permission to access it.
